<?xml version="1.0" encoding="UTF-8" ?>
<testsuite tests="64" failures="0" name="cucumberOptions.TestRunner" time="0.013" errors="0" skipped="0">
  <properties>
[...]
</properties>
  <testcase classname="Scenario: Home Page Default Login" name="Given Validate the browser" time="0.006"/>
  <testcase classname="Scenario: Home Page Default Login" name="When Browser is triggered" time="0"/>
  <testcase classname="Scenario: Home Page Default Login" name="Then Check if browser is started" time="0.002"/>
  <testcase classname="Scenario: Home Page Default Login" name="Given User is on Netbanking landing page" time="0"/>
  <testcase classname="Scenario: Home Page Default Login" name="When User login in to application with username and password" time="0"/>
  <testcase classname="Scenario: Home Page Default Login" name="Then Home Page is Displayed" time="0"/>
  <testcase classname="Scenario: Home Page Default Login" name="And Cards are displayed" time="0"/>
  <testcase classname="Scenario: Home Page Default Login" name="Scenario: Home Page Default Login" time="0.001"/>
  <testcase classname="Scenario: Home Page Default Login" name="Given Validate the browser" time="0"/>
  <testcase classname="Scenario: Home Page Default Login" name="When Browser is triggered" time="0"/>
  <testcase classname="Scenario: Home Page Default Login" name="Then Check if browser is started" time="0"/>
  <testcase classname="Scenario: Home Page Default Login" name="Given User is on Netbanking landing page" time="0"/>
  <testcase classname="Scenario: Home Page Default Login" name="When User login in to application with username &quot;john&quot; and password &quot;123&quot;" time="0"/>
  <testcase classname="Scenario: Home Page Default Login" name="Then Home Page is Displayed" time="0"/>
  <testcase classname="Scenario: Home Page Default Login" name="And Cards displayed are &quot;true&quot;" time="0"/>
  <testcase classname="Scenario: Home Page Default Login" name="Scenario: Home Page Default Login" time="0"/>
  <testcase classname="Scenario: Home Page Default Login" name="Given Validate the browser" time="0"/>
  <testcase classname="Scenario: Home Page Default Login" name="When Browser is triggered" time="0"/>
  <testcase classname="Scenario: Home Page Default Login" name="Then Check if browser is started" time="0"/>
  <testcase classname="Scenario: Home Page Default Login" name="Given User is on Netbanking landing page" time="0"/>
  <testcase classname="Scenario: Home Page Default Login" name="When User login in to application with username &quot;sam&quot; and password &quot;abc&quot;" time="0"/>
  <testcase classname="Scenario: Home Page Default Login" name="Then Home Page is Displayed" time="0"/>
  <testcase classname="Scenario: Home Page Default Login" name="And Cards displayed are &quot;false&quot;" time="0"/>
  <testcase classname="Scenario: Home Page Default Login" name="Scenario: Home Page Default Login" time="0.001"/>
  <testcase classname="Scenario: Home Page Default Login" name="Given Validate the browser" time="0"/>
  <testcase classname="Scenario: Home Page Default Login" name="When Browser is triggered" time="0"/>
  <testcase classname="Scenario: Home Page Default Login" name="Then Check if browser is started" time="0"/>
  <testcase classname="Scenario: Home Page Default Login" name="Given User is on Netbanking landing page" time="0"/>
  <testcase classname="Scenario: Home Page Default Login" name="When User need to signup with below details" time="0"/>
  <testcase classname="Scenario: Home Page Default Login" name="Then Home Page is Displayed" time="0"/>
  <testcase classname="Scenario: Home Page Default Login" name="And Cards displayed are &quot;false&quot;" time="0"/>
  <testcase classname="Scenario: Home Page Default Login" name="Scenario: Home Page Default Login" time="0.001"/>
  <testcase classname="| user1 | pass1 |" name="Given Validate the browser" time="0"/>
  <testcase classname="| user1 | pass1 |" name="When Browser is triggered" time="0"/>
  <testcase classname="| user1 | pass1 |" name="Then Check if browser is started" time="0"/>
  <testcase classname="| user1 | pass1 |" name="Given User is on Netbanking landing page" time="0"/>
  <testcase classname="| user1 | pass1 |" name="When User Login in to application with username user1 and password pass1" time="0"/>
  <testcase classname="| user1 | pass1 |" name="Then Home Page is Displayed" time="0"/>
  <testcase classname="| user1 | pass1 |" name="And Cards displayed are &quot;true&quot;" time="0"/>
  <testcase classname="| user1 | pass1 |" name="| user1 | pass1 |" time="0.001"/>
  <testcase classname="| user2 | pass2 |" name="Given Validate the browser" time="0"/>
  <testcase classname="| user2 | pass2 |" name="When Browser is triggered" time="0.001"/>
  <testcase classname="| user2 | pass2 |" name="Then Check if browser is started" time="0"/>
  <testcase classname="| user2 | pass2 |" name="Given User is on Netbanking landing page" time="0"/>
  <testcase classname="| user2 | pass2 |" name="When User Login in to application with username user2 and password pass2" time="0"/>
  <testcase classname="| user2 | pass2 |" name="Then Home Page is Displayed" time="0"/>
  <testcase classname="| user2 | pass2 |" name="And Cards displayed are &quot;true&quot;" time="0"/>
  <testcase classname="| user2 | pass2 |" name="| user2 | pass2 |" time="0"/>
  <testcase classname="| user3 | pass3 |" name="Given Validate the browser" time="0"/>
  <testcase classname="| user3 | pass3 |" name="When Browser is triggered" time="0"/>
  <testcase classname="| user3 | pass3 |" name="Then Check if browser is started" time="0"/>
  <testcase classname="| user3 | pass3 |" name="Given User is on Netbanking landing page" time="0"/>
  <testcase classname="| user3 | pass3 |" name="When User Login in to application with username user3 and password pass3" time="0"/>
  <testcase classname="| user3 | pass3 |" name="Then Home Page is Displayed" time="0"/>
  <testcase classname="| user3 | pass3 |" name="And Cards displayed are &quot;true&quot;" time="0"/>
  <testcase classname="| user3 | pass3 |" name="| user3 | pass3 |" time="0"/>
  <testcase classname="| user4 | pass4 |" name="Given Validate the browser" time="0"/>
  <testcase classname="| user4 | pass4 |" name="When Browser is triggered" time="0"/>
  <testcase classname="| user4 | pass4 |" name="Then Check if browser is started" time="0"/>
  <testcase classname="| user4 | pass4 |" name="Given User is on Netbanking landing page" time="0"/>
  <testcase classname="| user4 | pass4 |" name="When User Login in to application with username user4 and password pass4" time="0"/>
  <testcase classname="| user4 | pass4 |" name="Then Home Page is Displayed" time="0"/>
  <testcase classname="| user4 | pass4 |" name="And Cards displayed are &quot;true&quot;" time="0"/>
  <testcase classname="| user4 | pass4 |" name="| user4 | pass4 |" time="0"/>
</testsuite>